#***************************************************************************

#sjplacer

#Version:            1.1

#Build Date:         Sep  9 2019 11:47:43

#File Generated:     Dec 3 2024 16:48:28

#Purpose:            

#Copyright (C) 2010-2011 by Softjin Technologies Pvt Ltd. All rights reserved.

#***************************************************************************

Executing : C:\Program Files (x86)\Cypress\PSoC Creator\4.4\PSoC Creator\bin/sjplacer.exe --proj-name BME280_I2C_temp_etu --netlist-vh2 BME280_I2C_temp_etu_p.vh2 --arch p4_udb2x2 --arch-file C:\Program Files (x86)\Cypress\PSoC Creator\4.4\PSoC Creator\dev\arch/udbdsi_2x2_04.cydata --ip-file C:\Program Files (x86)\Cypress\PSoC Creator\4.4\PSoC Creator\dev\psoc4/4/ip_blocks.cydata --rrg-file C:\Program Files (x86)\Cypress\PSoC Creator\4.4\PSoC Creator\dev\psoc4/4/route_arch-rrg.cydata --irq-file C:\Program Files (x86)\Cypress\PSoC Creator\4.4\PSoC Creator\dev\psoc4/4/irqconn.cydata --drq-file C:\Program Files (x86)\Cypress\PSoC Creator\4.4\PSoC Creator\dev\psoc4/4/triggerconn.cydata --dsi-conn-file C:\Program Files (x86)\Cypress\PSoC Creator\4.4\PSoC Creator\dev\psoc4/4/dsiconn.cydata --pins-file pins_64-TQFP.xml --lib-file BME280_I2C_temp_etu_p.lib --sdc-file BME280_I2C_temp_etu.sdc --io-pcf BME280_I2C_temp_etu.pci --outdir .

		Softjin Techologies Placer, Version 1.1

Build Date : Sep  9 2019	11:45:12

D2004: Option and Settings Summary
=============================================================
Netlist vh2 file          - BME280_I2C_temp_etu_p.vh2
Architecture file         - C:\Program Files (x86)\Cypress\PSoC Creator\4.4\PSoC Creator\dev\arch/udbdsi_2x2_04.cydata
Package                   - 
Defparam file             - 
SDC file                  - BME280_I2C_temp_etu.sdc
Output directory          - .
Timing library            - BME280_I2C_temp_etu_p.lib
IO Placement file         - BME280_I2C_temp_etu.pci

D2050: Starting reading inputs for placer
=============================================================
D2065: Reading netlist file : "BME280_I2C_temp_etu_p.vh2"
D2065: Reading arch file : "C:\Program Files (x86)\Cypress\PSoC Creator\4.4\PSoC Creator\dev\arch/udbdsi_2x2_04.cydata"
D2051: Reading of inputs for placer completed successfully

D2053: Starting placement of the design
=============================================================

Phase 2
Phase 3

Design Statistics after Packing
    Number of Combinational MCs 	:	1
    Number of Sequential MCs    	:	1
    Number of DPs               	:	2
    Number of Controls          	:	1
    Number of Status            	:	1
    Number of SyncCells         	:	0
    Number of count7cells       	:	0

Device Utilization Summary after Packing
    Macrocells                  :	2/32
    UDBS                        :	2/4
    IOs                         :	4/51


D2088: Phase 3, elapsed time : 0.0 (sec)

Phase 4
D2088: Phase 4, elapsed time : 0.0 (sec)

Phase 6

######################################################################
Placement Timing Summary

The timing summary is based on estimated routing delays after
placement. For final timing report, please carry out the timing
analysis after routing.
======================================================================

######################################################################
                     Clock Summary 
======================================================================
Number of clocks: 12
Clock: Clock_1              | Frequency:  41.7 MHz | Target:   0.0 MHz
Clock: CyHFClk              | Frequency: N/A       | Target:  48.0 MHz
Clock: CyILO                | Frequency: N/A       | Target:   0.0 MHz
Clock: CyIMO                | Frequency: N/A       | Target:  48.0 MHz
Clock: CyLFClk              | Frequency: N/A       | Target:   0.0 MHz
Clock: CyRouted1            | Frequency: N/A       | Target:  48.0 MHz
Clock: CySysClk             | Frequency: N/A       | Target:  48.0 MHz
Clock: CyWCO                | Frequency: N/A       | Target:   0.0 MHz
Clock: I2C_SCBCLK           | Frequency: N/A       | Target:   1.6 MHz
Clock: I2C_SCBCLK(FFB)      | Frequency: N/A       | Target:   1.6 MHz
Clock: UART_SCBCLK          | Frequency: N/A       | Target:   1.4 MHz
Clock: UART_SCBCLK(FFB)     | Frequency: N/A       | Target:   1.4 MHz

======================================================================
                     End of Clock Summary
######################################################################

D2088: Phase 6, elapsed time : 0.0 (sec)

Phase 7
D2088: Phase 7, elapsed time : 0.0 (sec)

Final Design Statistics
    Number of Combinational MCs 	:	1
    Number of Sequential MCs    	:	1
    Number of DPs               	:	2
    Number of Controls          	:	1
    Number of Status            	:	1
    Number of SyncCells         	:	0
    Number of count7cells       	:	0
    Number of IOs       	:	4

Device Utilization Summary
    Macrocells                  :	2/32
    IOs                         :	4/51



######################################################################
Placement Timing Summary

The timing summary is based on estimated routing delays after
placement. For final timing report, please carry out the timing
analysis after routing.
======================================================================


######################################################################
                     Clock Summary 
======================================================================
Number of clocks: 12
Clock: Clock_1              | Frequency:  41.7 MHz | Target:   0.0 MHz
Clock: CyHFClk              | Frequency: N/A       | Target:  48.0 MHz
Clock: CyILO                | Frequency: N/A       | Target:   0.0 MHz
Clock: CyIMO                | Frequency: N/A       | Target:  48.0 MHz
Clock: CyLFClk              | Frequency: N/A       | Target:   0.0 MHz
Clock: CyRouted1            | Frequency: N/A       | Target:  48.0 MHz
Clock: CySysClk             | Frequency: N/A       | Target:  48.0 MHz
Clock: CyWCO                | Frequency: N/A       | Target:   0.0 MHz
Clock: I2C_SCBCLK           | Frequency: N/A       | Target:   1.6 MHz
Clock: I2C_SCBCLK(FFB)      | Frequency: N/A       | Target:   1.6 MHz
Clock: UART_SCBCLK          | Frequency: N/A       | Target:   1.4 MHz
Clock: UART_SCBCLK(FFB)     | Frequency: N/A       | Target:   1.4 MHz

======================================================================
                     End of Clock Summary
######################################################################

Phase 6

######################################################################
Placement Timing Summary

The timing summary is based on estimated routing delays after
placement. For final timing report, please carry out the timing
analysis after routing.
======================================================================

######################################################################
                     Clock Summary 
======================================================================
Number of clocks: 12
Clock: Clock_1              | Frequency:  41.7 MHz | Target:   0.0 MHz
Clock: CyHFClk              | Frequency: N/A       | Target:  48.0 MHz
Clock: CyILO                | Frequency: N/A       | Target:   0.0 MHz
Clock: CyIMO                | Frequency: N/A       | Target:  48.0 MHz
Clock: CyLFClk              | Frequency: N/A       | Target:   0.0 MHz
Clock: CyRouted1            | Frequency: N/A       | Target:  48.0 MHz
Clock: CySysClk             | Frequency: N/A       | Target:  48.0 MHz
Clock: CyWCO                | Frequency: N/A       | Target:   0.0 MHz
Clock: I2C_SCBCLK           | Frequency: N/A       | Target:   1.6 MHz
Clock: I2C_SCBCLK(FFB)      | Frequency: N/A       | Target:   1.6 MHz
Clock: UART_SCBCLK          | Frequency: N/A       | Target:   1.4 MHz
Clock: UART_SCBCLK(FFB)     | Frequency: N/A       | Target:   1.4 MHz

======================================================================
                     End of Clock Summary
######################################################################

D2088: Phase 6, elapsed time : 0.0 (sec)

Phase 7
######################################################################
                     Clock Summary 
======================================================================
Number of clocks: 12
Clock: Clock_1              | Frequency:  41.7 MHz | Target:   0.0 MHz
Clock: CyHFClk              | Frequency: N/A       | Target:  48.0 MHz
Clock: CyILO                | Frequency: N/A       | Target:   0.0 MHz
Clock: CyIMO                | Frequency: N/A       | Target:  48.0 MHz
Clock: CyLFClk              | Frequency: N/A       | Target:   0.0 MHz
Clock: CyRouted1            | Frequency: N/A       | Target:  48.0 MHz
Clock: CySysClk             | Frequency: N/A       | Target:  48.0 MHz
Clock: CyWCO                | Frequency: N/A       | Target:   0.0 MHz
Clock: I2C_SCBCLK           | Frequency: N/A       | Target:   1.6 MHz
Clock: I2C_SCBCLK(FFB)      | Frequency: N/A       | Target:   1.6 MHz
Clock: UART_SCBCLK          | Frequency: N/A       | Target:   1.4 MHz
Clock: UART_SCBCLK(FFB)     | Frequency: N/A       | Target:   1.4 MHz

======================================================================
                     End of Clock Summary
######################################################################
D2088: Phase 7, elapsed time : 0.1 (sec)

Final Design Statistics
    Number of Combinational MCs 	:	1
    Number of Sequential MCs    	:	1
    Number of DPs               	:	2
    Number of Controls          	:	1
    Number of Status            	:	1
    Number of SyncCells         	:	0
    Number of count7cells       	:	0
    Number of IOs       	:	4

Device Utilization Summary
    Macrocells                  :	2/32
    IOs                         :	4/51



######################################################################
Placement Timing Summary

The timing summary is based on estimated routing delays after
placement. For final timing report, please carry out the timing
analysis after routing.
======================================================================


######################################################################
                     Clock Summary 
======================================================================
Number of clocks: 12
Clock: Clock_1              | Frequency:  41.7 MHz | Target:   0.0 MHz
Clock: CyHFClk              | Frequency: N/A       | Target:  48.0 MHz
Clock: CyILO                | Frequency: N/A       | Target:   0.0 MHz
Clock: CyIMO                | Frequency: N/A       | Target:  48.0 MHz
Clock: CyLFClk              | Frequency: N/A       | Target:   0.0 MHz
Clock: CyRouted1            | Frequency: N/A       | Target:  48.0 MHz
Clock: CySysClk             | Frequency: N/A       | Target:  48.0 MHz
Clock: CyWCO                | Frequency: N/A       | Target:   0.0 MHz
Clock: I2C_SCBCLK           | Frequency: N/A       | Target:   1.6 MHz
Clock: I2C_SCBCLK(FFB)      | Frequency: N/A       | Target:   1.6 MHz
Clock: UART_SCBCLK          | Frequency: N/A       | Target:   1.4 MHz
Clock: UART_SCBCLK(FFB)     | Frequency: N/A       | Target:   1.4 MHz

======================================================================
                     End of Clock Summary
######################################################################

Phase 8
D2088: Phase 8, elapsed time : 0.0 (sec)

D2054: Placement of the design completed successfully

I2076: Total run-time: 0.4 sec.

